Using pre-set license
Built from '6000.0/staging' branch; Version is '6000.0.31f1 (a206c360e2a8) revision 10618563'; Using compiler version '193933523'; Build Type 'Release'
OS: 'Windows 11  (10.0.26100) 64bit Core' Language: 'ko' Physical Memory: 32667 MB
BatchMode: 1, IsHumanControllingUs: 0, StartBugReporterOnCrash: 0, Is64bit: 1, IsPro: 1

COMMAND LINE ARGUMENTS:
C:\Program Files\Unity\Hub\Editor\6000.0.31f1\Editor\Unity.exe
-adb2
-batchMode
-noUpm
-name
AssetImportWorker11
-projectPath
C:/Users/epsel/Documents/GitHub/2025_Project/2025_Project
-logFile
Logs/AssetImportWorker11.log
-srvPort
61381
-job-worker-count
11
-background-job-worker-count
8
-gc-helper-count
1
Successfully changed project path to: C:/Users/epsel/Documents/GitHub/2025_Project/2025_Project
C:/Users/epsel/Documents/GitHub/2025_Project/2025_Project
[UnityMemory] Configuration Parameters - Can be set up in boot.config
    "memorysetup-bucket-allocator-granularity=16"
    "memorysetup-bucket-allocator-bucket-count=8"
    "memorysetup-bucket-allocator-block-size=33554432"
    "memorysetup-bucket-allocator-block-count=8"
    "memorysetup-main-allocator-block-size=16777216"
    "memorysetup-thread-allocator-block-size=16777216"
    "memorysetup-gfx-main-allocator-block-size=16777216"
    "memorysetup-gfx-thread-allocator-block-size=16777216"
    "memorysetup-cache-allocator-block-size=4194304"
    "memorysetup-typetree-allocator-block-size=2097152"
    "memorysetup-profiler-bucket-allocator-granularity=16"
    "memorysetup-profiler-bucket-allocator-bucket-count=8"
    "memorysetup-profiler-bucket-allocator-block-size=33554432"
    "memorysetup-profiler-bucket-allocator-block-count=8"
    "memorysetup-profiler-allocator-block-size=16777216"
    "memorysetup-profiler-editor-allocator-block-size=1048576"
    "memorysetup-temp-allocator-size-main=16777216"
    "memorysetup-job-temp-allocator-block-size=2097152"
    "memorysetup-job-temp-allocator-block-size-background=1048576"
    "memorysetup-job-temp-allocator-reduction-small-platforms=262144"
    "memorysetup-allocator-temp-initial-block-size-main=262144"
    "memorysetup-allocator-temp-initial-block-size-worker=262144"
    "memorysetup-temp-allocator-size-background-worker=32768"
    "memorysetup-temp-allocator-size-job-worker=262144"
    "memorysetup-temp-allocator-size-preload-manager=33554432"
    "memorysetup-temp-allocator-size-nav-mesh-worker=65536"
    "memorysetup-temp-allocator-size-audio-worker=65536"
    "memorysetup-temp-allocator-size-cloud-worker=32768"
    "memorysetup-temp-allocator-size-gi-baking-worker=262144"
    "memorysetup-temp-allocator-size-gi-baking-worker=262144"
    "memorysetup-temp-allocator-size-gi-baking-worker=262144"
    "memorysetup-temp-allocator-size-gi-baking-worker=262144"
    "memorysetup-temp-allocator-size-gi-baking-worker=262144"
    "memorysetup-temp-allocator-size-gfx=262144"
Player connection [34984]  Target information:

Player connection [34984]  * "[IP] 169.254.163.114 [Port] 0 [Flags] 2 [Guid] 1084853950 [EditorId] 1084853950 [Version] 1048832 [Id] WindowsEditor(7,DESKTOP-36V372F) [Debug] 1 [PackageName] WindowsEditor [ProjectName] Editor" 

Player connection [34984]  * "[IP] 192.168.45.211 [Port] 0 [Flags] 2 [Guid] 1084853950 [EditorId] 1084853950 [Version] 1048832 [Id] WindowsEditor(7,DESKTOP-36V372F) [Debug] 1 [PackageName] WindowsEditor [ProjectName] Editor" 

Player connection [34984]  * "[IP] 192.168.45.194 [Port] 0 [Flags] 2 [Guid] 1084853950 [EditorId] 1084853950 [Version] 1048832 [Id] WindowsEditor(7,DESKTOP-36V372F) [Debug] 1 [PackageName] WindowsEditor [ProjectName] Editor" 

Player connection [34984] Host joined multi-casting on [225.0.0.222:54997]...
Player connection [34984] Host joined alternative multi-casting on [225.0.0.222:34997]...
JobSystem: Creating JobQueue using job-worker-count value 11
[Physics::Module] Initialized fallback backend.
[Physics::Module] Id: 0xdecafbad
Library Redirect Path: Library/
[Physics::Module] Selected backend.
[Physics::Module] Name: PhysX
[Physics::Module] Id: 0xf2b8ea05
[Physics::Module] SDK Version: 4.1.2
[Physics::Module] Integration Version: 1.0.0
[Physics::Module] Threading Mode: Multi-Threaded
Refreshing native plugins compatible for Editor in 8.05 ms, found 4 plugins.
Preloading 0 native plugins for Editor in 0.00 ms.
Initialize engine version: 6000.0.31f1 (a206c360e2a8)
[Subsystems] Discovering subsystems at path C:/Program Files/Unity/Hub/Editor/6000.0.31f1/Editor/Data/Resources/UnitySubsystems
[Subsystems] Discovering subsystems at path C:/Users/epsel/Documents/GitHub/2025_Project/2025_Project/Assets
GfxDevice: creating device client; kGfxThreadingModeNonThreaded
Direct3D:
    Version:  Direct3D 11.0 [level 11.1]
    Renderer: NVIDIA GeForce RTX 3080 (ID=0x2216)
    Vendor:   NVIDIA
    VRAM:     10053 MB
    Driver:   32.0.15.7216
Initialize mono
Mono path[0] = 'C:/Program Files/Unity/Hub/Editor/6000.0.31f1/Editor/Data/Managed'
Mono path[1] = 'C:/Program Files/Unity/Hub/Editor/6000.0.31f1/Editor/Data/MonoBleedingEdge/lib/mono/unityjit-win32'
Mono config path = 'C:/Program Files/Unity/Hub/Editor/6000.0.31f1/Editor/Data/MonoBleedingEdge/etc'
Using monoOptions --debugger-agent=transport=dt_socket,embedding=1,server=y,suspend=n,address=127.0.0.1:56184
Begin MonoManager ReloadAssembly
Registering precompiled unity dll's ...
Register platform support module: C:/Program Files/Unity/Hub/Editor/6000.0.31f1/Editor/Data/PlaybackEngines/WebGLSupport/UnityEditor.WebGL.Extensions.dll
Register platform support module: C:/Program Files/Unity/Hub/Editor/6000.0.31f1/Editor/Data/PlaybackEngines/WindowsStandaloneSupport/UnityEditor.WindowsStandalone.Extensions.dll
Registered in 0.003547 seconds.
- Loaded All Assemblies, in  0.360 seconds
Native extension for WindowsStandalone target not found
Native extension for WebGL target not found
Mono: successfully reloaded assembly
- Finished resetting the current domain, in  0.320 seconds
Domain Reload Profiling: 678ms
	BeginReloadAssembly (129ms)
		ExecutionOrderSort (0ms)
		DisableScriptedObjects (0ms)
		BackupInstance (0ms)
		ReleaseScriptingObjects (0ms)
		CreateAndSetChildDomain (1ms)
	RebuildCommonClasses (31ms)
	RebuildNativeTypeToScriptingClass (10ms)
	initialDomainReloadingComplete (43ms)
	LoadAllAssembliesAndSetupDomain (146ms)
		LoadAssemblies (126ms)
		RebuildTransferFunctionScriptingTraits (0ms)
		AnalyzeDomain (143ms)
			TypeCache.Refresh (141ms)
				TypeCache.ScanAssembly (129ms)
			BuildScriptInfoCaches (0ms)
			ResolveRequiredComponents (0ms)
	FinalizeReload (320ms)
		ReleaseScriptCaches (0ms)
		RebuildScriptCaches (0ms)
		SetupLoadedEditorAssemblies (271ms)
			LogAssemblyErrors (0ms)
			InitializePlatformSupportModulesInManaged (24ms)
			SetLoadedEditorAssemblies (4ms)
			BeforeProcessingInitializeOnLoad (48ms)
			ProcessInitializeOnLoadAttributes (147ms)
			ProcessInitializeOnLoadMethodAttributes (48ms)
			AfterProcessingInitializeOnLoad (0ms)
			EditorAssembliesLoaded (0ms)
		ExecutionOrderSort2 (0ms)
		AwakeInstancesAfterBackupRestoration (0ms)
========================================================================
Worker process is ready to serve import requests
Import Worker Mode flag is 0x00
Begin MonoManager ReloadAssembly
Symbol file LoadedFromMemory is not a mono symbol file
- Loaded All Assemblies, in  0.843 seconds
Refreshing native plugins compatible for Editor in 7.43 ms, found 4 plugins.
Native extension for WindowsStandalone target not found
Native extension for WebGL target not found
Refreshing native plugins compatible for Editor in 7.19 ms, found 4 plugins.
Mono: successfully reloaded assembly
Package Manager log level set to [2]
[Package Manager] Failed to launch server process. Reason: Unity was launched with the -noUpm command-line argument
[Package Manager] Unable to send message (not connected to server process).
[Package Manager] Cannot connect to Unity Package Manager local server
[Package Manager] Failed to launch server process. Reason: Unity was launched with the -noUpm command-line argument
[Package Manager] Unable to send message (not connected to server process).
[Package Manager] Cannot connect to Unity Package Manager local server
- Finished resetting the current domain, in  0.901 seconds
Domain Reload Profiling: 1738ms
	BeginReloadAssembly (157ms)
		ExecutionOrderSort (0ms)
		DisableScriptedObjects (5ms)
		BackupInstance (0ms)
		ReleaseScriptingObjects (0ms)
		CreateAndSetChildDomain (32ms)
	RebuildCommonClasses (30ms)
	RebuildNativeTypeToScriptingClass (10ms)
	initialDomainReloadingComplete (33ms)
	LoadAllAssembliesAndSetupDomain (607ms)
		LoadAssemblies (401ms)
		RebuildTransferFunctionScriptingTraits (0ms)
		AnalyzeDomain (299ms)
			TypeCache.Refresh (192ms)
				TypeCache.ScanAssembly (173ms)
			BuildScriptInfoCaches (94ms)
			ResolveRequiredComponents (9ms)
	FinalizeReload (901ms)
		ReleaseScriptCaches (0ms)
		RebuildScriptCaches (0ms)
		SetupLoadedEditorAssemblies (761ms)
			LogAssemblyErrors (0ms)
			InitializePlatformSupportModulesInManaged (3ms)
			SetLoadedEditorAssemblies (5ms)
			BeforeProcessingInitializeOnLoad (134ms)
			ProcessInitializeOnLoadAttributes (407ms)
			ProcessInitializeOnLoadMethodAttributes (207ms)
			AfterProcessingInitializeOnLoad (4ms)
			EditorAssembliesLoaded (0ms)
		ExecutionOrderSort2 (0ms)
		AwakeInstancesAfterBackupRestoration (5ms)
Launched and connected shader compiler UnityShaderCompiler.exe after 0.05 seconds
Refreshing native plugins compatible for Editor in 12.35 ms, found 4 plugins.
Preloading 0 native plugins for Editor in 0.00 ms.
Unloading 219 Unused Serialized files (Serialized files now loaded: 0)
Unloading 7856 unused Assets / (4.2 MB). Loaded Objects now: 8507.
Memory consumption went from 184.6 MB to 180.3 MB.
Total: 22.518900 ms (FindLiveObjects: 1.737100 ms CreateObjectMapping: 1.954100 ms MarkObjects: 14.837900 ms  DeleteObjects: 3.988400 ms)

========================================================================
Received Import Request.
  Time since last request: 24345.584980 seconds.
  path: Assets/Fonts/OTF
  artifactKey: Guid(e2e1b3ed8f02db740a42a7a82434bfba) Importer(815301076,1909f56bfc062723c751e8b465ee728b)
Start importing Assets/Fonts/OTF using Guid(e2e1b3ed8f02db740a42a7a82434bfba) Importer(815301076,1909f56bfc062723c751e8b465ee728b) (PreviewImporter) -> (artifact id: '70417279aee97eaa98cae78d19ed658c') in 0.0061568 seconds
Number of updated asset objects reloaded before import = 0Number of asset objects unloaded after import = 0

========================================================================
Received Import Request.
  Time since last request: 0.012718 seconds.
  path: Assets/Fonts/OTF/DNFForgedBlade-Bold.otf
  artifactKey: Guid(39f5b0c736e7baf40bd007bcc4fad49d) Importer(815301076,1909f56bfc062723c751e8b465ee728b)
Start importing Assets/Fonts/OTF/DNFForgedBlade-Bold.otf using Guid(39f5b0c736e7baf40bd007bcc4fad49d) Importer(815301076,1909f56bfc062723c751e8b465ee728b) (PreviewImporter) -> (artifact id: 'd234598c087853cdcfdbda31a11e83ee') in 0.5036688 seconds
Number of updated asset objects reloaded before import = 0Number of asset objects unloaded after import = 4

========================================================================
Received Import Request.
  Time since last request: 23.659710 seconds.
  path: Assets/TextMesh Pro/Examples & Extras/Fonts/Anton.ttf
  artifactKey: Guid(997a43b767814dd0a7642ec9b78cba41) Importer(815301076,1909f56bfc062723c751e8b465ee728b)
Start importing Assets/TextMesh Pro/Examples & Extras/Fonts/Anton.ttf using Guid(997a43b767814dd0a7642ec9b78cba41) Importer(815301076,1909f56bfc062723c751e8b465ee728b) (PreviewImporter) -> (artifact id: '88c2ce5a8e7da764587c04d3748a187a') in 0.0203271 seconds
Number of updated asset objects reloaded before import = 0Number of asset objects unloaded after import = 4

========================================================================
Received Import Request.
  Time since last request: 0.788675 seconds.
  path: Assets/TextMesh Pro/Examples & Extras/Fonts/Electronic Highway Sign.TTF
  artifactKey: Guid(8a2b9e2a607dd2143b58c44bc32410b4) Importer(815301076,1909f56bfc062723c751e8b465ee728b)
Start importing Assets/TextMesh Pro/Examples & Extras/Fonts/Electronic Highway Sign.TTF using Guid(8a2b9e2a607dd2143b58c44bc32410b4) Importer(815301076,1909f56bfc062723c751e8b465ee728b) (PreviewImporter) -> (artifact id: '12fd56aa8f773118c6a79838d3b5ca86') in 0.0202129 seconds
Number of updated asset objects reloaded before import = 0Number of asset objects unloaded after import = 4

========================================================================
Received Import Request.
  Time since last request: 0.353567 seconds.
  path: Assets/TextMesh Pro/Examples & Extras/Fonts/Oswald-Bold.ttf
  artifactKey: Guid(c9f6d0e7bc8541498c9a4799ba184ede) Importer(815301076,1909f56bfc062723c751e8b465ee728b)
Start importing Assets/TextMesh Pro/Examples & Extras/Fonts/Oswald-Bold.ttf using Guid(c9f6d0e7bc8541498c9a4799ba184ede) Importer(815301076,1909f56bfc062723c751e8b465ee728b) (PreviewImporter) -> (artifact id: '94cb708224cf7a7b805e322cf22246aa') in 0.0207555 seconds
Number of updated asset objects reloaded before import = 0Number of asset objects unloaded after import = 4

========================================================================
Received Import Request.
  Time since last request: 11.470764 seconds.
  path: Assets/TextMesh Pro/Glyph Report.txt
  artifactKey: Guid(a7f90a4d8cd31b74db14e1c24ecc0ddd) Importer(2089858483,192608db42251d675da83286b1cce702)
Start importing Assets/TextMesh Pro/Glyph Report.txt using Guid(a7f90a4d8cd31b74db14e1c24ecc0ddd) Importer(2089858483,192608db42251d675da83286b1cce702) (ScriptedImporter) -> (artifact id: 'a066d9c161a0d2ff1a0c7e3a074b3e62') in 0.1347959 seconds
Number of updated asset objects reloaded before import = 0Number of asset objects unloaded after import = 1

========================================================================
Received Import Request.
  Time since last request: 4.679656 seconds.
  path: Assets/Fonts/OTF/DNFForgedBlade-Bold SDF.asset
  artifactKey: Guid(1c826c22aeb85c849a494b97843c617c) Importer(815301076,1909f56bfc062723c751e8b465ee728b)
Start importing Assets/Fonts/OTF/DNFForgedBlade-Bold SDF.asset using Guid(1c826c22aeb85c849a494b97843c617c) Importer(815301076,1909f56bfc062723c751e8b465ee728b) (PreviewImporter) -> (artifact id: 'a7b3d48afe89100a97ea8b7a667e81fe') in 0.1676342 seconds
Number of updated asset objects reloaded before import = 0Number of asset objects unloaded after import = 4

========================================================================
Received Import Request.
  Time since last request: 0.773102 seconds.
  path: Assets/Fonts/OTF/DNFForgedBlade-Bold SDF.asset
  artifactKey: Guid(1c826c22aeb85c849a494b97843c617c) Importer(2089858483,192608db42251d675da83286b1cce702)
Start importing Assets/Fonts/OTF/DNFForgedBlade-Bold SDF.asset using Guid(1c826c22aeb85c849a494b97843c617c) Importer(2089858483,192608db42251d675da83286b1cce702) (ScriptedImporter) -> (artifact id: 'b0e8bb2d8da8f356b2615694a24e5d60') in 0.2925634 seconds
Number of updated asset objects reloaded before import = 0Number of asset objects unloaded after import = 3

========================================================================
Received Import Request.
  Time since last request: 2.824892 seconds.
  path: Assets/TextMesh Pro/Examples & Extras/Resources/Fonts & Materials/Oswald Bold SDF.asset
  artifactKey: Guid(0161d805a3764c089bef00bfe00793f5) Importer(815301076,1909f56bfc062723c751e8b465ee728b)
Start importing Assets/TextMesh Pro/Examples & Extras/Resources/Fonts & Materials/Oswald Bold SDF.asset using Guid(0161d805a3764c089bef00bfe00793f5) Importer(815301076,1909f56bfc062723c751e8b465ee728b) (PreviewImporter) -> (artifact id: 'ddf513dc53935d150dd6e312d1e20a16') in 0.031646 seconds
Number of updated asset objects reloaded before import = 0Number of asset objects unloaded after import = 6

========================================================================
Received Import Request.
  Time since last request: 18.484210 seconds.
  path: Assets/TextMesh Pro/Glyph Report.txt
  artifactKey: Guid(a7f90a4d8cd31b74db14e1c24ecc0ddd) Importer(2089858483,192608db42251d675da83286b1cce702)
Start importing Assets/TextMesh Pro/Glyph Report.txt using Guid(a7f90a4d8cd31b74db14e1c24ecc0ddd) Importer(2089858483,192608db42251d675da83286b1cce702) (ScriptedImporter) -> (artifact id: 'd13713eba864f37cbe02f6de7c21c948') in 0.0116562 seconds
Number of updated asset objects reloaded before import = 0Number of asset objects unloaded after import = 1

========================================================================
Received Import Request.
  Time since last request: 3.377468 seconds.
  path: Assets/Fonts/OTF/DNFForgedBlade-Light SDF.asset
  artifactKey: Guid(218f632ab51ad934bae59e1dd97f5e86) Importer(815301076,1909f56bfc062723c751e8b465ee728b)
Start importing Assets/Fonts/OTF/DNFForgedBlade-Light SDF.asset using Guid(218f632ab51ad934bae59e1dd97f5e86) Importer(815301076,1909f56bfc062723c751e8b465ee728b) (PreviewImporter) -> (artifact id: '228a65ff82dba000c3e66def23d538dc') in 0.1572788 seconds
Number of updated asset objects reloaded before import = 0Number of asset objects unloaded after import = 4

========================================================================
Received Import Request.
  Time since last request: 0.778435 seconds.
  path: Assets/Fonts/OTF/DNFForgedBlade-Light SDF.asset
  artifactKey: Guid(218f632ab51ad934bae59e1dd97f5e86) Importer(2089858483,192608db42251d675da83286b1cce702)
Start importing Assets/Fonts/OTF/DNFForgedBlade-Light SDF.asset using Guid(218f632ab51ad934bae59e1dd97f5e86) Importer(2089858483,192608db42251d675da83286b1cce702) (ScriptedImporter) -> (artifact id: 'dd52525b9edc810f5c374d16ddb19b41') in 0.2108258 seconds
Number of updated asset objects reloaded before import = 0Number of asset objects unloaded after import = 3

========================================================================
Received Import Request.
  Time since last request: 6.108279 seconds.
  path: Assets/Fonts/OTF/DNFForgedBlade-Medium SDF.asset
  artifactKey: Guid(0f17fd672febb7c4b8256eb05d54e757) Importer(815301076,1909f56bfc062723c751e8b465ee728b)
Start importing Assets/Fonts/OTF/DNFForgedBlade-Medium SDF.asset using Guid(0f17fd672febb7c4b8256eb05d54e757) Importer(815301076,1909f56bfc062723c751e8b465ee728b) (PreviewImporter) -> (artifact id: '466a05392b64dc456859c928934fff19') in 0.1428136 seconds
Number of updated asset objects reloaded before import = 0Number of asset objects unloaded after import = 4

========================================================================
Received Import Request.
  Time since last request: 0.792696 seconds.
  path: Assets/TextMesh Pro/Glyph Report.txt
  artifactKey: Guid(a7f90a4d8cd31b74db14e1c24ecc0ddd) Importer(2089858483,192608db42251d675da83286b1cce702)
Start importing Assets/TextMesh Pro/Glyph Report.txt using Guid(a7f90a4d8cd31b74db14e1c24ecc0ddd) Importer(2089858483,192608db42251d675da83286b1cce702) (ScriptedImporter) -> (artifact id: '87a9eb9066cbd78a7312a63911161e26') in 0.0110507 seconds
Number of updated asset objects reloaded before import = 0Number of asset objects unloaded after import = 1

========================================================================
Received Import Request.
  Time since last request: 68.754009 seconds.
  path: Assets/Fonts/OTF/DNFForgedBlade-Bold SDF.asset
  artifactKey: Guid(1c826c22aeb85c849a494b97843c617c) Importer(815301076,1909f56bfc062723c751e8b465ee728b)
Start importing Assets/Fonts/OTF/DNFForgedBlade-Bold SDF.asset using Guid(1c826c22aeb85c849a494b97843c617c) Importer(815301076,1909f56bfc062723c751e8b465ee728b) (PreviewImporter) -> (artifact id: '68af2c549db449bba06922d4238e0cb8') in 0.1514036 seconds
Number of updated asset objects reloaded before import = 0Number of asset objects unloaded after import = 6

========================================================================
Received Import Request.
  Time since last request: 0.000033 seconds.
  path: Assets/Fonts/OTF/DNFForgedBlade-Medium SDF.asset
  artifactKey: Guid(0f17fd672febb7c4b8256eb05d54e757) Importer(815301076,1909f56bfc062723c751e8b465ee728b)
Start importing Assets/Fonts/OTF/DNFForgedBlade-Medium SDF.asset using Guid(0f17fd672febb7c4b8256eb05d54e757) Importer(815301076,1909f56bfc062723c751e8b465ee728b) (PreviewImporter) -> (artifact id: 'b230bf8d8a087bb4ff57a2b38c77517a') in 0.145336 seconds
Number of updated asset objects reloaded before import = 0Number of asset objects unloaded after import = 6

========================================================================
Received Import Request.
  Time since last request: 0.605232 seconds.
  path: Assets/Fonts/OTF/DNFForgedBlade-Light SDF.asset
  artifactKey: Guid(218f632ab51ad934bae59e1dd97f5e86) Importer(2089858483,192608db42251d675da83286b1cce702)
Start importing Assets/Fonts/OTF/DNFForgedBlade-Light SDF.asset using Guid(218f632ab51ad934bae59e1dd97f5e86) Importer(2089858483,192608db42251d675da83286b1cce702) (ScriptedImporter) -> (artifact id: '19ee3cdf375f09a98acdb668cfb40dd5') in 0.2130594 seconds
Number of updated asset objects reloaded before import = 0Number of asset objects unloaded after import = 5

========================================================================
Received Import Request.
  Time since last request: 9.393446 seconds.
  path: Assets/Fonts/OTF/DNFForgedBlade-Bold SDF.asset
  artifactKey: Guid(1c826c22aeb85c849a494b97843c617c) Importer(815301076,1909f56bfc062723c751e8b465ee728b)
Start importing Assets/Fonts/OTF/DNFForgedBlade-Bold SDF.asset using Guid(1c826c22aeb85c849a494b97843c617c) Importer(815301076,1909f56bfc062723c751e8b465ee728b) (PreviewImporter) -> (artifact id: 'a30f9d76a16522b16a860b3268b5f8d4') in 0.1499938 seconds
Number of updated asset objects reloaded before import = 0Number of asset objects unloaded after import = 6

========================================================================
Received Import Request.
  Time since last request: 0.762768 seconds.
  path: Assets/Fonts/OTF/DNFForgedBlade-Light SDF.asset
  artifactKey: Guid(218f632ab51ad934bae59e1dd97f5e86) Importer(2089858483,192608db42251d675da83286b1cce702)
Start importing Assets/Fonts/OTF/DNFForgedBlade-Light SDF.asset using Guid(218f632ab51ad934bae59e1dd97f5e86) Importer(2089858483,192608db42251d675da83286b1cce702) (ScriptedImporter) -> (artifact id: '53ca3090880284d79dfc2b978bac7994') in 0.2212501 seconds
Number of updated asset objects reloaded before import = 0Number of asset objects unloaded after import = 5

========================================================================
Received Import Request.
  Time since last request: 20.918697 seconds.
  path: Assets/Fonts/OTF/DNFForgedBlade-Bold SDF.asset
  artifactKey: Guid(1c826c22aeb85c849a494b97843c617c) Importer(815301076,1909f56bfc062723c751e8b465ee728b)
Start importing Assets/Fonts/OTF/DNFForgedBlade-Bold SDF.asset using Guid(1c826c22aeb85c849a494b97843c617c) Importer(815301076,1909f56bfc062723c751e8b465ee728b) (PreviewImporter) -> (artifact id: '430f34b30ff2865861812b63dc9d858a') in 0.168474 seconds
Number of updated asset objects reloaded before import = 0Number of asset objects unloaded after import = 6

========================================================================
Received Import Request.
  Time since last request: 0.766535 seconds.
  path: Assets/Fonts/OTF/DNFForgedBlade-Medium SDF.asset
  artifactKey: Guid(0f17fd672febb7c4b8256eb05d54e757) Importer(2089858483,192608db42251d675da83286b1cce702)
Start importing Assets/Fonts/OTF/DNFForgedBlade-Medium SDF.asset using Guid(0f17fd672febb7c4b8256eb05d54e757) Importer(2089858483,192608db42251d675da83286b1cce702) (ScriptedImporter) -> (artifact id: 'dcb9f9dfbf07715f348ff2f241c54bfc') in 0.2261359 seconds
Number of updated asset objects reloaded before import = 0Number of asset objects unloaded after import = 5

========================================================================
Received Import Request.
  Time since last request: 58.475291 seconds.
  path: Assets/TextMesh Pro/Glyph Report.txt
  artifactKey: Guid(a7f90a4d8cd31b74db14e1c24ecc0ddd) Importer(2089858483,192608db42251d675da83286b1cce702)
Start importing Assets/TextMesh Pro/Glyph Report.txt using Guid(a7f90a4d8cd31b74db14e1c24ecc0ddd) Importer(2089858483,192608db42251d675da83286b1cce702) (ScriptedImporter) -> (artifact id: '16bd563f944b7c10791daff8417884c0') in 0.0110421 seconds
Number of updated asset objects reloaded before import = 0Number of asset objects unloaded after import = 1

========================================================================
Received Import Request.
  Time since last request: 0.851222 seconds.
  path: Assets/Fonts/OTF/DNFForgedBlade-Bold SDF.asset
  artifactKey: Guid(1c826c22aeb85c849a494b97843c617c) Importer(815301076,1909f56bfc062723c751e8b465ee728b)
Start importing Assets/Fonts/OTF/DNFForgedBlade-Bold SDF.asset using Guid(1c826c22aeb85c849a494b97843c617c) Importer(815301076,1909f56bfc062723c751e8b465ee728b) (PreviewImporter) -> (artifact id: 'ce8a1d5e34d27f32e14371e4b4ccb9ea') in 0.1465526 seconds
Number of updated asset objects reloaded before import = 0Number of asset objects unloaded after import = 6

========================================================================
Received Import Request.
  Time since last request: 0.754390 seconds.
  path: Assets/Fonts/OTF/DNFForgedBlade-Bold SDF.asset
  artifactKey: Guid(1c826c22aeb85c849a494b97843c617c) Importer(2089858483,192608db42251d675da83286b1cce702)
Start importing Assets/Fonts/OTF/DNFForgedBlade-Bold SDF.asset using Guid(1c826c22aeb85c849a494b97843c617c) Importer(2089858483,192608db42251d675da83286b1cce702) (ScriptedImporter) -> (artifact id: 'decccb7e73ecf678db087cbb908e88a4') in 0.2015329 seconds
Number of updated asset objects reloaded before import = 0Number of asset objects unloaded after import = 5

========================================================================
Received Import Request.
  Time since last request: 6.523206 seconds.
  path: Assets/Fonts/OTF/DNFForgedBlade-Bold SDF.asset
  artifactKey: Guid(1c826c22aeb85c849a494b97843c617c) Importer(815301076,1909f56bfc062723c751e8b465ee728b)
Start importing Assets/Fonts/OTF/DNFForgedBlade-Bold SDF.asset using Guid(1c826c22aeb85c849a494b97843c617c) Importer(815301076,1909f56bfc062723c751e8b465ee728b) (PreviewImporter) -> (artifact id: '6ce849f7933fb06085c178369553340d') in 0.1359173 seconds
Number of updated asset objects reloaded before import = 0Number of asset objects unloaded after import = 6

========================================================================
Received Import Request.
  Time since last request: 0.808127 seconds.
  path: Assets/Fonts/OTF/DNFForgedBlade-Bold SDF.asset
  artifactKey: Guid(1c826c22aeb85c849a494b97843c617c) Importer(2089858483,192608db42251d675da83286b1cce702)
Start importing Assets/Fonts/OTF/DNFForgedBlade-Bold SDF.asset using Guid(1c826c22aeb85c849a494b97843c617c) Importer(2089858483,192608db42251d675da83286b1cce702) (ScriptedImporter) -> (artifact id: '23c6140569154909c4d7a54f8202cae0') in 0.2039599 seconds
Number of updated asset objects reloaded before import = 0Number of asset objects unloaded after import = 5

========================================================================
Received Import Request.
  Time since last request: 47.048039 seconds.
  path: Assets/TextMesh Pro/Examples & Extras/Fonts
  artifactKey: Guid(b63e0053080646b9819789bf3bf9fa17) Importer(815301076,1909f56bfc062723c751e8b465ee728b)
Start importing Assets/TextMesh Pro/Examples & Extras/Fonts using Guid(b63e0053080646b9819789bf3bf9fa17) Importer(815301076,1909f56bfc062723c751e8b465ee728b) (PreviewImporter) -> (artifact id: 'fd81ce87efcfddea13f7a752160236fb') in 0.0005322 seconds
Number of updated asset objects reloaded before import = 0Number of asset objects unloaded after import = 0

========================================================================
Received Import Request.
  Time since last request: 8.043392 seconds.
  path: Assets/Fonts/TTF
  artifactKey: Guid(11c87a80426aad84da8e270c1aa0a07f) Importer(815301076,1909f56bfc062723c751e8b465ee728b)
Start importing Assets/Fonts/TTF using Guid(11c87a80426aad84da8e270c1aa0a07f) Importer(815301076,1909f56bfc062723c751e8b465ee728b) (PreviewImporter) -> (artifact id: '8e0dab952953e4f8a735efad6a9a296c') in 0.0005194 seconds
Number of updated asset objects reloaded before import = 0Number of asset objects unloaded after import = 0

